2018-02-06 16:17:51.984 [restartedMain] INFO  com.hushunjian.Application -Starting Application on PC-20140305RFLI with PID 6912 (E:\workspace\crm\target\classes started by Administrator in E:\workspace\crm)
2018-02-06 16:17:51.987 [restartedMain] INFO  com.hushunjian.Application -No active profile set, falling back to default profiles: default
2018-02-06 16:17:52.613 [restartedMain] INFO  o.s.b.c.e.AnnotationConfigEmbeddedWebApplicationContext -Refreshing org.springframework.boot.context.embedded.AnnotationConfigEmbeddedWebApplicationContext@520bc2: startup date [Tue Feb 06 16:17:52 CST 2018]; root of context hierarchy
2018-02-06 16:17:56.345 [restartedMain] INFO  o.s.c.s.PostProcessorRegistrationDelegate$BeanPostProcessorChecker -Bean 'application' of type [com.hushunjian.Application$$EnhancerBySpringCGLIB$$c9cb553c] is not eligible for getting processed by all BeanPostProcessors (for example: not eligible for auto-proxying)
2018-02-06 16:17:58.110 [restartedMain] INFO  o.s.b.c.e.t.TomcatEmbeddedServletContainer -Tomcat initialized with port(s): 8080 (http)
2018-02-06 16:17:58.137 [restartedMain] INFO  o.a.catalina.core.StandardService -Starting service [Tomcat]
2018-02-06 16:17:58.141 [restartedMain] INFO  o.a.catalina.core.StandardEngine -Starting Servlet Engine: Apache Tomcat/8.5.23
2018-02-06 16:17:58.393 [localhost-startStop-1] INFO  o.a.c.c.C.[Tomcat].[localhost].[/] -Initializing Spring embedded WebApplicationContext
2018-02-06 16:17:58.395 [localhost-startStop-1] INFO  o.s.web.context.ContextLoader -Root WebApplicationContext: initialization completed in 5783 ms
2018-02-06 16:17:58.990 [localhost-startStop-1] INFO  o.s.b.w.s.ServletRegistrationBean -Mapping servlet: 'dispatcherServlet' to [/]
2018-02-06 16:17:59.001 [localhost-startStop-1] INFO  o.s.b.w.s.FilterRegistrationBean -Mapping filter: 'characterEncodingFilter' to: [/*]
2018-02-06 16:17:59.003 [localhost-startStop-1] INFO  o.s.b.w.s.FilterRegistrationBean -Mapping filter: 'hiddenHttpMethodFilter' to: [/*]
2018-02-06 16:17:59.005 [localhost-startStop-1] INFO  o.s.b.w.s.FilterRegistrationBean -Mapping filter: 'httpPutFormContentFilter' to: [/*]
2018-02-06 16:17:59.012 [localhost-startStop-1] INFO  o.s.b.w.s.FilterRegistrationBean -Mapping filter: 'requestContextFilter' to: [/*]
2018-02-06 16:17:59.014 [localhost-startStop-1] INFO  o.s.b.w.s.FilterRegistrationBean -Mapping filter: 'corsFilter' to: [/*]
2018-02-06 16:18:01.282 [restartedMain] INFO  o.s.w.s.m.m.a.RequestMappingHandlerAdapter -Looking for @ControllerAdvice: org.springframework.boot.context.embedded.AnnotationConfigEmbeddedWebApplicationContext@520bc2: startup date [Tue Feb 06 16:17:52 CST 2018]; root of context hierarchy
2018-02-06 16:18:01.432 [restartedMain] INFO  o.s.w.s.m.m.a.RequestMappingHandlerMapping -Mapped "{[/api/cms/getAllUsers]}" onto public java.lang.Object com.hushunjian.controller.CmsUserController.getAllUsers(java.lang.Long,java.lang.Long)
2018-02-06 16:18:01.447 [restartedMain] INFO  o.s.w.s.m.m.a.RequestMappingHandlerMapping -Mapped "{[/error]}" onto public org.springframework.http.ResponseEntity<java.util.Map<java.lang.String, java.lang.Object>> org.springframework.boot.autoconfigure.web.BasicErrorController.error(javax.servlet.http.HttpServletRequest)
2018-02-06 16:18:01.448 [restartedMain] INFO  o.s.w.s.m.m.a.RequestMappingHandlerMapping -Mapped "{[/error],produces=[text/html]}" onto public org.springframework.web.servlet.ModelAndView org.springframework.boot.autoconfigure.web.BasicErrorController.errorHtml(javax.servlet.http.HttpServletRequest,javax.servlet.http.HttpServletResponse)
2018-02-06 16:18:01.525 [restartedMain] INFO  o.s.w.s.h.SimpleUrlHandlerMapping -Mapped URL path [/webjars/**] onto handler of type [class org.springframework.web.servlet.resource.ResourceHttpRequestHandler]
2018-02-06 16:18:01.526 [restartedMain] INFO  o.s.w.s.h.SimpleUrlHandlerMapping -Mapped URL path [/**] onto handler of type [class org.springframework.web.servlet.resource.ResourceHttpRequestHandler]
2018-02-06 16:18:01.607 [restartedMain] INFO  o.s.w.s.h.SimpleUrlHandlerMapping -Mapped URL path [/**/favicon.ico] onto handler of type [class org.springframework.web.servlet.resource.ResourceHttpRequestHandler]
2018-02-06 16:18:01.681 [restartedMain] WARN  o.s.b.a.t.AbstractTemplateResolverConfiguration -Cannot find template location: classpath:/templates/ (please add some templates or check your Thymeleaf configuration)
2018-02-06 16:18:03.141 [restartedMain] INFO  o.s.b.d.a.OptionalLiveReloadServer -LiveReload server is running on port 35729
2018-02-06 16:18:03.271 [restartedMain] INFO  o.s.j.e.a.AnnotationMBeanExporter -Registering beans for JMX exposure on startup
2018-02-06 16:18:03.998 [restartedMain] INFO  o.s.b.c.e.t.TomcatEmbeddedServletContainer -Tomcat started on port(s): 8080 (http)
2018-02-06 16:18:04.011 [restartedMain] INFO  com.hushunjian.Application -Started Application in 13.08 seconds (JVM running for 14.092)
2018-02-06 16:19:20.841 [restartedMain] INFO  com.hushunjian.Application -Starting Application on PC-20140305RFLI with PID 5252 (E:\workspace\crm\target\classes started by Administrator in E:\workspace\crm)
2018-02-06 16:19:20.845 [restartedMain] INFO  com.hushunjian.Application -No active profile set, falling back to default profiles: default
2018-02-06 16:19:21.435 [restartedMain] INFO  o.s.b.c.e.AnnotationConfigEmbeddedWebApplicationContext -Refreshing org.springframework.boot.context.embedded.AnnotationConfigEmbeddedWebApplicationContext@520bc2: startup date [Tue Feb 06 16:19:21 CST 2018]; root of context hierarchy
2018-02-06 16:19:25.047 [restartedMain] INFO  o.s.c.s.PostProcessorRegistrationDelegate$BeanPostProcessorChecker -Bean 'application' of type [com.hushunjian.Application$$EnhancerBySpringCGLIB$$2db0dc2d] is not eligible for getting processed by all BeanPostProcessors (for example: not eligible for auto-proxying)
2018-02-06 16:19:26.757 [restartedMain] INFO  o.s.b.c.e.t.TomcatEmbeddedServletContainer -Tomcat initialized with port(s): 8080 (http)
2018-02-06 16:19:26.788 [restartedMain] INFO  o.a.catalina.core.StandardService -Starting service [Tomcat]
2018-02-06 16:19:26.791 [restartedMain] INFO  o.a.catalina.core.StandardEngine -Starting Servlet Engine: Apache Tomcat/8.5.23
2018-02-06 16:19:27.020 [localhost-startStop-1] INFO  o.a.c.c.C.[Tomcat].[localhost].[/] -Initializing Spring embedded WebApplicationContext
2018-02-06 16:19:27.021 [localhost-startStop-1] INFO  o.s.web.context.ContextLoader -Root WebApplicationContext: initialization completed in 5586 ms
2018-02-06 16:19:27.441 [localhost-startStop-1] INFO  o.s.b.w.s.ServletRegistrationBean -Mapping servlet: 'dispatcherServlet' to [/]
2018-02-06 16:19:27.451 [localhost-startStop-1] INFO  o.s.b.w.s.FilterRegistrationBean -Mapping filter: 'characterEncodingFilter' to: [/*]
2018-02-06 16:19:27.453 [localhost-startStop-1] INFO  o.s.b.w.s.FilterRegistrationBean -Mapping filter: 'hiddenHttpMethodFilter' to: [/*]
2018-02-06 16:19:27.456 [localhost-startStop-1] INFO  o.s.b.w.s.FilterRegistrationBean -Mapping filter: 'httpPutFormContentFilter' to: [/*]
2018-02-06 16:19:27.462 [localhost-startStop-1] INFO  o.s.b.w.s.FilterRegistrationBean -Mapping filter: 'requestContextFilter' to: [/*]
2018-02-06 16:19:27.463 [localhost-startStop-1] INFO  o.s.b.w.s.FilterRegistrationBean -Mapping filter: 'corsFilter' to: [/*]
2018-02-06 16:19:29.102 [restartedMain] INFO  o.s.w.s.m.m.a.RequestMappingHandlerAdapter -Looking for @ControllerAdvice: org.springframework.boot.context.embedded.AnnotationConfigEmbeddedWebApplicationContext@520bc2: startup date [Tue Feb 06 16:19:21 CST 2018]; root of context hierarchy
2018-02-06 16:19:29.479 [restartedMain] INFO  o.s.w.s.m.m.a.RequestMappingHandlerMapping -Mapped "{[/api/cms/getAllUsers]}" onto public java.lang.Object com.hushunjian.controller.CmsUserController.getAllUsers(java.lang.Long,java.lang.Long)
2018-02-06 16:19:29.489 [restartedMain] INFO  o.s.w.s.m.m.a.RequestMappingHandlerMapping -Mapped "{[/error]}" onto public org.springframework.http.ResponseEntity<java.util.Map<java.lang.String, java.lang.Object>> org.springframework.boot.autoconfigure.web.BasicErrorController.error(javax.servlet.http.HttpServletRequest)
2018-02-06 16:19:29.493 [restartedMain] INFO  o.s.w.s.m.m.a.RequestMappingHandlerMapping -Mapped "{[/error],produces=[text/html]}" onto public org.springframework.web.servlet.ModelAndView org.springframework.boot.autoconfigure.web.BasicErrorController.errorHtml(javax.servlet.http.HttpServletRequest,javax.servlet.http.HttpServletResponse)
2018-02-06 16:19:29.578 [restartedMain] INFO  o.s.w.s.h.SimpleUrlHandlerMapping -Mapped URL path [/webjars/**] onto handler of type [class org.springframework.web.servlet.resource.ResourceHttpRequestHandler]
2018-02-06 16:19:29.579 [restartedMain] INFO  o.s.w.s.h.SimpleUrlHandlerMapping -Mapped URL path [/**] onto handler of type [class org.springframework.web.servlet.resource.ResourceHttpRequestHandler]
2018-02-06 16:19:29.656 [restartedMain] INFO  o.s.w.s.h.SimpleUrlHandlerMapping -Mapped URL path [/**/favicon.ico] onto handler of type [class org.springframework.web.servlet.resource.ResourceHttpRequestHandler]
2018-02-06 16:19:29.733 [restartedMain] WARN  o.s.b.a.t.AbstractTemplateResolverConfiguration -Cannot find template location: classpath:/templates/ (please add some templates or check your Thymeleaf configuration)
2018-02-06 16:19:30.856 [restartedMain] INFO  o.s.b.d.a.OptionalLiveReloadServer -LiveReload server is running on port 35729
2018-02-06 16:19:30.992 [restartedMain] INFO  o.s.j.e.a.AnnotationMBeanExporter -Registering beans for JMX exposure on startup
2018-02-06 16:19:31.298 [restartedMain] INFO  o.s.b.c.e.t.TomcatEmbeddedServletContainer -Tomcat started on port(s): 8080 (http)
2018-02-06 16:19:31.312 [restartedMain] INFO  com.hushunjian.Application -Started Application in 11.88 seconds (JVM running for 12.889)
2018-02-06 16:20:40.724 [http-nio-8080-exec-8] INFO  o.a.c.c.C.[Tomcat].[localhost].[/] -Initializing Spring FrameworkServlet 'dispatcherServlet'
2018-02-06 16:20:40.725 [http-nio-8080-exec-8] INFO  o.s.web.servlet.DispatcherServlet -FrameworkServlet 'dispatcherServlet': initialization started
2018-02-06 16:20:40.774 [http-nio-8080-exec-8] INFO  o.s.web.servlet.DispatcherServlet -FrameworkServlet 'dispatcherServlet': initialization completed in 49 ms
2018-02-06 16:22:00.406 [restartedMain] INFO  com.hushunjian.Application -Starting Application on PC-20140305RFLI with PID 6612 (E:\workspace\crm\target\classes started by Administrator in E:\workspace\crm)
2018-02-06 16:22:00.408 [restartedMain] INFO  com.hushunjian.Application -No active profile set, falling back to default profiles: default
2018-02-06 16:22:01.457 [restartedMain] INFO  o.s.b.c.e.AnnotationConfigEmbeddedWebApplicationContext -Refreshing org.springframework.boot.context.embedded.AnnotationConfigEmbeddedWebApplicationContext@24ca41ca: startup date [Tue Feb 06 16:22:01 CST 2018]; root of context hierarchy
2018-02-06 16:22:04.771 [restartedMain] INFO  o.s.c.s.PostProcessorRegistrationDelegate$BeanPostProcessorChecker -Bean 'application' of type [com.hushunjian.Application$$EnhancerBySpringCGLIB$$93df1eb] is not eligible for getting processed by all BeanPostProcessors (for example: not eligible for auto-proxying)
2018-02-06 16:22:06.557 [restartedMain] INFO  o.s.b.c.e.t.TomcatEmbeddedServletContainer -Tomcat initialized with port(s): 9090 (http)
2018-02-06 16:22:06.581 [restartedMain] INFO  o.a.catalina.core.StandardService -Starting service [Tomcat]
2018-02-06 16:22:06.583 [restartedMain] INFO  o.a.catalina.core.StandardEngine -Starting Servlet Engine: Apache Tomcat/8.5.23
2018-02-06 16:22:06.792 [localhost-startStop-1] INFO  o.a.c.c.C.[Tomcat].[localhost].[/] -Initializing Spring embedded WebApplicationContext
2018-02-06 16:22:06.793 [localhost-startStop-1] INFO  o.s.web.context.ContextLoader -Root WebApplicationContext: initialization completed in 5336 ms
2018-02-06 16:22:07.257 [localhost-startStop-1] INFO  o.s.b.w.s.ServletRegistrationBean -Mapping servlet: 'dispatcherServlet' to [/]
2018-02-06 16:22:07.268 [localhost-startStop-1] INFO  o.s.b.w.s.FilterRegistrationBean -Mapping filter: 'characterEncodingFilter' to: [/*]
2018-02-06 16:22:07.270 [localhost-startStop-1] INFO  o.s.b.w.s.FilterRegistrationBean -Mapping filter: 'hiddenHttpMethodFilter' to: [/*]
2018-02-06 16:22:07.271 [localhost-startStop-1] INFO  o.s.b.w.s.FilterRegistrationBean -Mapping filter: 'httpPutFormContentFilter' to: [/*]
2018-02-06 16:22:07.271 [localhost-startStop-1] INFO  o.s.b.w.s.FilterRegistrationBean -Mapping filter: 'requestContextFilter' to: [/*]
2018-02-06 16:22:07.272 [localhost-startStop-1] INFO  o.s.b.w.s.FilterRegistrationBean -Mapping filter: 'corsFilter' to: [/*]
2018-02-06 16:22:09.189 [restartedMain] INFO  o.s.w.s.m.m.a.RequestMappingHandlerAdapter -Looking for @ControllerAdvice: org.springframework.boot.context.embedded.AnnotationConfigEmbeddedWebApplicationContext@24ca41ca: startup date [Tue Feb 06 16:22:01 CST 2018]; root of context hierarchy
2018-02-06 16:22:09.331 [restartedMain] INFO  o.s.w.s.m.m.a.RequestMappingHandlerMapping -Mapped "{[/api/cms/getAllUsers]}" onto public java.lang.Object com.hushunjian.controller.CmsUserController.getAllUsers(java.lang.Long,java.lang.Long)
2018-02-06 16:22:09.344 [restartedMain] INFO  o.s.w.s.m.m.a.RequestMappingHandlerMapping -Mapped "{[/error]}" onto public org.springframework.http.ResponseEntity<java.util.Map<java.lang.String, java.lang.Object>> org.springframework.boot.autoconfigure.web.BasicErrorController.error(javax.servlet.http.HttpServletRequest)
2018-02-06 16:22:09.346 [restartedMain] INFO  o.s.w.s.m.m.a.RequestMappingHandlerMapping -Mapped "{[/error],produces=[text/html]}" onto public org.springframework.web.servlet.ModelAndView org.springframework.boot.autoconfigure.web.BasicErrorController.errorHtml(javax.servlet.http.HttpServletRequest,javax.servlet.http.HttpServletResponse)
2018-02-06 16:22:09.433 [restartedMain] INFO  o.s.w.s.h.SimpleUrlHandlerMapping -Mapped URL path [/webjars/**] onto handler of type [class org.springframework.web.servlet.resource.ResourceHttpRequestHandler]
2018-02-06 16:22:09.435 [restartedMain] INFO  o.s.w.s.h.SimpleUrlHandlerMapping -Mapped URL path [/**] onto handler of type [class org.springframework.web.servlet.resource.ResourceHttpRequestHandler]
2018-02-06 16:22:09.519 [restartedMain] INFO  o.s.w.s.h.SimpleUrlHandlerMapping -Mapped URL path [/**/favicon.ico] onto handler of type [class org.springframework.web.servlet.resource.ResourceHttpRequestHandler]
2018-02-06 16:22:09.600 [restartedMain] WARN  o.s.b.a.t.AbstractTemplateResolverConfiguration -Cannot find template location: classpath:/templates/ (please add some templates or check your Thymeleaf configuration)
2018-02-06 16:22:10.803 [restartedMain] INFO  o.s.b.d.a.OptionalLiveReloadServer -LiveReload server is running on port 35729
2018-02-06 16:22:10.916 [restartedMain] INFO  o.s.j.e.a.AnnotationMBeanExporter -Registering beans for JMX exposure on startup
2018-02-06 16:22:11.079 [restartedMain] INFO  o.s.b.c.e.t.TomcatEmbeddedServletContainer -Tomcat started on port(s): 9090 (http)
2018-02-06 16:22:11.095 [restartedMain] INFO  com.hushunjian.Application -Started Application in 11.879 seconds (JVM running for 13.093)
2018-02-06 16:22:24.794 [http-nio-9090-exec-10] INFO  o.a.c.c.C.[Tomcat].[localhost].[/] -Initializing Spring FrameworkServlet 'dispatcherServlet'
2018-02-06 16:22:24.797 [http-nio-9090-exec-10] INFO  o.s.web.servlet.DispatcherServlet -FrameworkServlet 'dispatcherServlet': initialization started
2018-02-06 16:22:24.849 [http-nio-9090-exec-10] INFO  o.s.web.servlet.DispatcherServlet -FrameworkServlet 'dispatcherServlet': initialization completed in 52 ms
